#
# A fatal error has been detected by the Java Runtime Environment:
#
#  SIGSEGV (0xb) at pc=0x00007fba9477407e, pid=4866, tid=29921
#
# JRE version: OpenJDK Runtime Environment (11.0.13+8) (build 11.0.13+8-Ubuntu-0ubuntu1)
# Java VM: OpenJDK 64-Bit Server VM (11.0.13+8-Ubuntu-0ubuntu1, mixed mode, sharing, tiered, compressed oops, g1 gc, linux-amd64)
# Problematic frame:
# C  [libjimage.so+0x307e]
#
# No core dump will be written. Core dumps have been disabled. To enable core dumping, try "ulimit -c unlimited" before starting Java again
#
# If you would like to submit a bug report, please visit:
#   https://bugs.launchpad.net/ubuntu/+source/openjdk-lts
#

---------------  S U M M A R Y ------------

Command Line: /opt/jd-gui/jd-gui.jar /home/user/OneDrive/_我的笔记/实验/SE/zuo/tools/preprocess3.jar

Host: Intel(R) Core(TM) i5-8500 CPU @ 3.00GHz, 6 cores, 7G, Ubuntu Jammy Jellyfish (development branch)
Time: Wed Dec 15 20:13:38 2021 CST elapsed time: 82596.544949 seconds (0d 22h 56m 36s)

---------------  T H R E A D  ---------------

Current thread (0x00007fba0405b000):  JavaThread "XToolkt-Shutdown-Thread" [_thread_in_vm, id=29921, stack(0x00007fba24b20000,0x00007fba24c20000)]

Stack: [0x00007fba24b20000,0x00007fba24c20000],  sp=0x00007fba24c1d010,  free space=1012k
Native frames: (J=compiled Java code, A=aot compiled Java code, j=interpreted, Vv=VM code, C=native code)
C  [libjimage.so+0x307e]
C  [libjimage.so+0x3df2]
C  [libjimage.so+0x42f2]  JIMAGE_FindResource+0xf2
V  [libjvm.so+0x5b7a61]
V  [libjvm.so+0x5ba131]
V  [libjvm.so+0xde982d]
V  [libjvm.so+0xde837a]
V  [libjvm.so+0xdeaa9b]
V  [libjvm.so+0x66b50d]
V  [libjvm.so+0xa4d450]
V  [libjvm.so+0xa5436f]
V  [libjvm.so+0x85906e]
V  [libjvm.so+0x859711]
j  sun.awt.X11.XToolkit.lambda$init$0()V+0 java.desktop@11.0.13
j  sun.awt.X11.XToolkit$$Lambda$9.run()V+4 java.desktop@11.0.13
j  java.lang.Thread.run()V+11 java.base@11.0.13
v  ~StubRoutines::call_stub
V  [libjvm.so+0x85fb23]
V  [libjvm.so+0x85e1ae]
V  [libjvm.so+0x90ba03]
V  [libjvm.so+0xe1fc33]
V  [libjvm.so+0xe1d1a0]
V  [libjvm.so+0xbddd76]

Java frames: (J=compiled Java code, j=interpreted, Vv=VM code)
j  sun.awt.X11.XToolkit.lambda$init$0()V+0 java.desktop@11.0.13
j  sun.awt.X11.XToolkit$$Lambda$9.run()V+4 java.desktop@11.0.13
j  java.lang.Thread.run()V+11 java.base@11.0.13
v  ~StubRoutines::call_stub

siginfo: si_signo: 11 (SIGSEGV), si_code: 1 (SEGV_MAPERR), si_addr: 0x00007fba77864c84

Register to memory mapping:

RAX=0x00007fba94778b40: <offset 0x0000000000007b40> in /usr/lib/jvm/java-11-openjdk-amd64/lib/libjimage.so at 0x00007fba94771000
RBX=0x00007fba24c1d0c1 is pointing into the stack for thread: 0x00007fba0405b000
RCX=0x00007fba24c1d0e4 is pointing into the stack for thread: 0x00007fba0405b000
RDX=0x000000000000471a is an unknown value
RSP=0x00007fba24c1d010 is pointing into the stack for thread: 0x00007fba0405b000
RBP=0x00007fba24c1d030 is pointing into the stack for thread: 0x00007fba0405b000
RSI=0x00007fba7785301c is an unknown value
RDI=0x00007fba94779030: <offset 0x0000000000008030> in /usr/lib/jvm/java-11-openjdk-amd64/lib/libjimage.so at 0x00007fba94771000
R8 =0x00007fba24c1e158 is pointing into the stack for thread: 0x00007fba0405b000
R9 =0x00007fba24c1ded0 is pointing into the stack for thread: 0x00007fba0405b000
R10=0x0000000000000021 is an unknown value
R11=0x00000000ffffffff is an unallocated location in the heap
R12=0x0000000000008457 is an unknown value
R13=0x00007fba24c1d0c0 is pointing into the stack for thread: 0x00007fba0405b000
R14=0x0 is NULL
R15=0x00007fba31c39580 points into unknown readable memory: 0x2f7477612f6e7573 | 73 75 6e 2f 61 77 74 2f


Registers:
RAX=0x00007fba94778b40, RBX=0x00007fba24c1d0c1, RCX=0x00007fba24c1d0e4, RDX=0x000000000000471a
RSP=0x00007fba24c1d010, RBP=0x00007fba24c1d030, RSI=0x00007fba7785301c, RDI=0x00007fba94779030
R8 =0x00007fba24c1e158, R9 =0x00007fba24c1ded0, R10=0x0000000000000021, R11=0x00000000ffffffff
R12=0x0000000000008457, R13=0x00007fba24c1d0c0, R14=0x0000000000000000, R15=0x00007fba31c39580
RIP=0x00007fba9477407e, EFLAGS=0x0000000000010246, CSGSFS=0x002b000000000033, ERR=0x0000000000000004
  TRAPNO=0x000000000000000e

Top of Stack: (sp=0x00007fba24c1d010)
0x00007fba24c1d010:   00007fba24c1e060 00007fba24c1e158
0x00007fba24c1d020:   00007fba84009a50 00007fba24c1d0c0
0x00007fba24c1d030:   00007fba24c1d0a0 00007fba94774df2
0x00007fba24c1d040:   6e6977732f786176 622f66616c702f67 

Instructions: (pc=0x00007fba9477407e)
0x00007fba94773f7e:   74 08 4c 89 f7 e8 78 f3 ff ff 44 03 65 90 e9 47
0x00007fba94773f8e:   fe ff ff 0f 1f 80 00 00 00 00 41 8b 10 41 89 55
0x00007fba94773f9e:   00 41 8b 54 00 fc 41 89 54 05 fc e9 87 fc ff ff
0x00007fba94773fae:   66 90 b9 0a 00 00 00 e9 00 fd ff ff 41 0f b7 54
0x00007fba94773fbe:   00 fe 66 41 89 54 05 fe e9 6a fc ff ff 0f 1f 44
0x00007fba94773fce:   00 00 f3 0f 1e fa 0f b6 07 89 f2 48 8d 4f 01 84
0x00007fba94773fde:   c0 74 20 0f 1f 80 00 00 00 00 69 d2 93 01 00 01
0x00007fba94773fee:   0f b6 c0 48 83 c1 01 31 c2 0f b6 41 ff 84 c0 75
0x00007fba94773ffe:   e9 89 d6 89 f0 25 ff ff ff 7f c3 90 66 0f 1f 44
0x00007fba9477400e:   00 00 f3 0f 1e fa 48 85 d2 0f 84 da 00 00 00 55
0x00007fba9477401e:   48 89 e5 41 55 41 54 41 89 cc 53 48 83 ec 08 85
0x00007fba9477402e:   c9 0f 84 ba 00 00 00 49 89 f5 48 89 d6 41 0f b6
0x00007fba9477403e:   55 00 49 8d 5d 01 84 d2 0f 84 9c 00 00 00 48 89
0x00007fba9477404e:   d9 b8 93 01 00 01 0f 1f 40 00 69 c0 93 01 00 01
0x00007fba9477405e:   0f b6 d2 48 83 c1 01 31 d0 0f b6 51 ff 84 d2 75
0x00007fba9477406e:   e9 25 ff ff ff 7f 31 d2 41 f7 f4 48 8b 07 89 d2
0x00007fba9477407e:   8b 34 96 ff 50 20 85 c0 7f 18 74 65 f7 d0 41 89
0x00007fba9477408e:   c0 48 83 c4 08 44 89 c0 5b 41 5c 41 5d 5d c3 0f
0x00007fba9477409e:   1f 00 41 0f b6 4d 00 89 c6 84 c9 74 1e 0f 1f 44
0x00007fba947740ae:   00 00 69 f6 93 01 00 01 0f b6 c9 48 83 c3 01 31
0x00007fba947740be:   ce 0f b6 4b ff 84 c9 75 e9 89 f0 25 ff ff ff 7f
0x00007fba947740ce:   31 d2 48 83 c4 08 41 f7 f4 5b 41 5c 41 5d 5d 41
0x00007fba947740de:   89 d0 44 89 c0 c3 0f 1f 40 00 b8 93 01 00 01 eb
0x00007fba947740ee:   85 41 b8 ff ff ff ff eb 98 41 83 c8 ff 44 89 c0
0x00007fba947740fe:   c3 90 f3 0f 1e fa eb 1d 66 2e 0f 1f 84 00 00 00
0x00007fba9477410e:   00 00 0f b6 16 84 d2 74 13 38 c2 75 15 48 83 c7
0x00007fba9477411e:   01 48 83 c6 01 0f b6 07 84 c0 75 e6 48 89 f8 c3
0x00007fba9477412e:   66 90 31 c0 c3 90 66 66 2e 0f 1f 84 00 00 00 00
0x00007fba9477413e:   00 90 f3 0f 1e fa 49 89 f9 49 89 f2 48 85 f6 74
0x00007fba9477414e:   5c 41 0f b6 02 84 c0 74 54 66 0f 1f 84 00 00 00
0x00007fba9477415e:   00 00 89 c2 89 c7 83 e0 07 c0 ea 03 49 8d 74 02
0x00007fba9477416e:   02 83 e7 07 31 c0 44 0f b6 c2 49 8d 52 01 0f 1f 


Stack slot to memory mapping:
stack at sp + 0 slots: 0x00007fba24c1e060 is pointing into the stack for thread: 0x00007fba0405b000
stack at sp + 1 slots: 0x00007fba24c1e158 is pointing into the stack for thread: 0x00007fba0405b000
stack at sp + 2 slots: 0x00007fba84009a50 points into unknown readable memory: 0x00007fbd7f98bcb9 | b9 bc 98 7f bd 7f 00 00
stack at sp + 3 slots: 0x00007fba24c1d0c0 is pointing into the stack for thread: 0x00007fba0405b000
stack at sp + 4 slots: 0x00007fba24c1d0a0 is pointing into the stack for thread: 0x00007fba0405b000
stack at sp + 5 slots: 0x00007fba94774df2: <offset 0x0000000000003df2> in /usr/lib/jvm/java-11-openjdk-amd64/lib/libjimage.so at 0x00007fba94771000
stack at sp + 6 slots: 0x6e6977732f786176 is an unknown value
stack at sp + 7 slots: 0x622f66616c702f67 is an unknown value


---------------  P R O C E S S  ---------------

Threads class SMR info:
_java_thread_list=0x00007fba042bcb50, length=20, elements={
0x00007fba8417f000, 0x00007fba84181000, 0x00007fba8418e000, 0x00007fba84190000,
0x00007fba84192000, 0x00007fba84194000, 0x00007fba84196000, 0x00007fba841f1000,
0x00007fba84368800, 0x00007fba8436a800, 0x00007fba84441800, 0x00007fba84443000,
0x00007fba84431000, 0x00007fba84014800, 0x00007fba0c0a4800, 0x00007fba0a765800,
0x00007fba38001000, 0x00007fba38002800, 0x00007fba0405a000, 0x00007fba0405b000
}

Java Threads: ( => current thread )
  0x00007fba8417f000 JavaThread "Reference Handler" daemon [_thread_blocked, id=4880, stack(0x00007fba5c7e6000,0x00007fba5c8e6000)]
  0x00007fba84181000 JavaThread "Finalizer" daemon [_thread_blocked, id=4881, stack(0x00007fba5c6e6000,0x00007fba5c7e6000)]
  0x00007fba8418e000 JavaThread "Signal Dispatcher" daemon [_thread_blocked, id=4882, stack(0x00007fba5c5e6000,0x00007fba5c6e6000)]
  0x00007fba84190000 JavaThread "Service Thread" daemon [_thread_blocked, id=4883, stack(0x00007fba5c4e6000,0x00007fba5c5e6000)]
  0x00007fba84192000 JavaThread "C2 CompilerThread0" daemon [_thread_blocked, id=4884, stack(0x00007fba5c3e6000,0x00007fba5c4e6000)]
  0x00007fba84194000 JavaThread "C1 CompilerThread0" daemon [_thread_blocked, id=4885, stack(0x00007fba5c2e6000,0x00007fba5c3e6000)]
  0x00007fba84196000 JavaThread "Sweeper thread" daemon [_thread_blocked, id=4886, stack(0x00007fba5c1e6000,0x00007fba5c2e6000)]
  0x00007fba841f1000 JavaThread "Common-Cleaner" daemon [_thread_blocked, id=4888, stack(0x00007fba27f00000,0x00007fba28000000)]
  0x00007fba84368800 JavaThread "Java2D Disposer" daemon [_thread_blocked, id=4889, stack(0x00007fba27b6b000,0x00007fba27c6b000)]
  0x00007fba8436a800 JavaThread "AWT-XAWT" daemon [_thread_in_native, id=4890, stack(0x00007fba27a6b000,0x00007fba27b6b000)]
  0x00007fba84441800 JavaThread "AWT-Shutdown" [_thread_blocked, id=4892, stack(0x00007fba2786b000,0x00007fba2796b000)]
  0x00007fba84443000 JavaThread "AWT-EventQueue-0" [_thread_blocked, id=4893, stack(0x00007fba2776b000,0x00007fba2786b000)]
  0x00007fba84431000 JavaThread "pool-1-thread-1" [_thread_blocked, id=4894, stack(0x00007fba2766b000,0x00007fba2776b000)]
  0x00007fba84014800 JavaThread "DestroyJavaVM" [_thread_blocked, id=4873, stack(0x00007fba9478c000,0x00007fba9488c000)]
  0x00007fba0c0a4800 JavaThread "TimerQueue" daemon [_thread_blocked, id=4904, stack(0x00007fba25222000,0x00007fba25322000)]
  0x00007fba0a765800 JavaThread "pool-1-thread-2" [_thread_blocked, id=4906, stack(0x00007fba24e20000,0x00007fba24f20000)]
  0x00007fba38001000 JavaThread "SIGHUP handler" daemon [_thread_blocked, id=29885, stack(0x00007fba260b5000,0x00007fba261b5000)]
  0x00007fba38002800 JavaThread "SIGTERM handler" daemon [_thread_blocked, id=29913, stack(0x00007fba2796b000,0x00007fba27a6b000)]
  0x00007fba0405a000 JavaThread "Thread-0" [_thread_in_vm, id=29920, stack(0x00007fba2756b000,0x00007fba2766b000)]
=>0x00007fba0405b000 JavaThread "XToolkt-Shutdown-Thread" [_thread_in_vm, id=29921, stack(0x00007fba24b20000,0x00007fba24c20000)]

Other Threads:
  0x00007fba8417c800 VMThread "VM Thread" [stack: 0x00007fba5c8e8000,0x00007fba5c9e8000] [id=4879]
  0x00007fba841ef000 WatcherThread [stack: 0x00007fba5c0e6000,0x00007fba5c1e6000] [id=4887]
  0x00007fba8402e000 GCTaskThread "GC Thread#0" [stack: 0x00007fba94426000,0x00007fba94526000] [id=4874]
  0x00007fba4c091000 GCTaskThread "GC Thread#1" [stack: 0x00007fba25a2e000,0x00007fba25b2e000] [id=4898]
  0x00007fba4c092800 GCTaskThread "GC Thread#2" [stack: 0x00007fba2592c000,0x00007fba25a2c000] [id=4899]
  0x00007fba4c094000 GCTaskThread "GC Thread#3" [stack: 0x00007fba2582a000,0x00007fba2592a000] [id=4900]
  0x00007fba4c095800 GCTaskThread "GC Thread#4" [stack: 0x00007fba25728000,0x00007fba25828000] [id=4901]
  0x00007fba4c097800 GCTaskThread "GC Thread#5" [stack: 0x00007fba25626000,0x00007fba25726000] [id=4902]
  0x00007fba8405f800 ConcurrentGCThread "G1 Main Marker" [stack: 0x00007fba680fc000,0x00007fba681fc000] [id=4875]
  0x00007fba84061000 ConcurrentGCThread "G1 Conc#0" [stack: 0x00007fba5f9f4000,0x00007fba5faf4000] [id=4876]
  0x00007fba58001000 ConcurrentGCThread "G1 Conc#1" [stack: 0x00007fba24f22000,0x00007fba25022000] [id=4905]
  0x00007fba840e1800 ConcurrentGCThread "G1 Refine#0" [stack: 0x00007fba5d2ec000,0x00007fba5d3ec000] [id=4877]
  0x00007fba54001000 ConcurrentGCThread "G1 Refine#1" [stack: 0x00007fba25524000,0x00007fba25624000] [id=4903]
  0x00007fba840e3800 ConcurrentGCThread "G1 Young RemSet Sampling" [stack: 0x00007fba5d1ea000,0x00007fba5d2ea000] [id=4878]

Threads with active compile tasks:

VM state:not at safepoint (normal execution)

VM Mutex/Monitor currently owned by a thread: None

Heap address: 0x0000000085400000, size: 1964 MB, Compressed Oops mode: 32-bit
Narrow klass base: 0x0000000800000000, Narrow klass shift: 3
Compressed class space size: 1073741824 Address: 0x0000000840000000

Heap:
 garbage-first heap   total 129024K, used 80971K [0x0000000085400000, 0x0000000100000000)
  region size 1024K, 33 young (33792K), 3 survivors (3072K)
 Metaspace       used 35729K, capacity 36728K, committed 36992K, reserved 1081344K
  class space    used 4075K, capacity 4501K, committed 4608K, reserved 1048576K
Heap Regions: E=young(eden), S=young(survivor), O=old, HS=humongous(starts), HC=humongous(continues), CS=collection set, F=free, A=archive, TAMS=top-at-mark-start (previous, next)
|   0|0x0000000085400000, 0x0000000085500000, 0x0000000085500000|100%| O|  |TAMS 0x0000000085500000, 0x0000000085400000| Untracked 
|   1|0x0000000085500000, 0x0000000085600000, 0x0000000085600000|100%| O|  |TAMS 0x0000000085600000, 0x0000000085500000| Untracked 
|   2|0x0000000085600000, 0x0000000085700000, 0x0000000085700000|100%| O|  |TAMS 0x0000000085700000, 0x0000000085600000| Untracked 
|   3|0x0000000085700000, 0x0000000085800000, 0x0000000085800000|100%| O|  |TAMS 0x0000000085800000, 0x0000000085700000| Untracked 
|   4|0x0000000085800000, 0x0000000085900000, 0x0000000085900000|100%| O|  |TAMS 0x0000000085900000, 0x0000000085800000| Untracked 
|   5|0x0000000085900000, 0x0000000085a00000, 0x0000000085a00000|100%| O|  |TAMS 0x0000000085a00000, 0x0000000085900000| Untracked 
|   6|0x0000000085a00000, 0x0000000085b00000, 0x0000000085b00000|100%|HS|  |TAMS 0x0000000085b00000, 0x0000000085a00000| Untracked 
|   7|0x0000000085b00000, 0x0000000085c00000, 0x0000000085c00000|100%| O|  |TAMS 0x0000000085c00000, 0x0000000085b00000| Untracked 
|   8|0x0000000085c00000, 0x0000000085d00000, 0x0000000085d00000|100%| O|  |TAMS 0x0000000085d00000, 0x0000000085c00000| Untracked 
|   9|0x0000000085d00000, 0x0000000085e00000, 0x0000000085e00000|100%| O|  |TAMS 0x0000000085e00000, 0x0000000085d00000| Untracked 
|  10|0x0000000085e00000, 0x0000000085f00000, 0x0000000085f00000|100%| O|  |TAMS 0x0000000085f00000, 0x0000000085e00000| Untracked 
|  11|0x0000000085f00000, 0x0000000086000000, 0x0000000086000000|100%| O|  |TAMS 0x0000000086000000, 0x0000000085f00000| Untracked 
|  12|0x0000000086000000, 0x0000000086100000, 0x0000000086100000|100%| O|  |TAMS 0x0000000086100000, 0x0000000086000000| Untracked 
|  13|0x0000000086100000, 0x0000000086200000, 0x0000000086200000|100%| O|  |TAMS 0x0000000086200000, 0x0000000086100000| Untracked 
|  14|0x0000000086200000, 0x0000000086300000, 0x0000000086300000|100%| O|  |TAMS 0x0000000086300000, 0x0000000086200000| Untracked 
|  15|0x0000000086300000, 0x0000000086400000, 0x0000000086400000|100%| O|  |TAMS 0x0000000086400000, 0x0000000086300000| Untracked 
|  16|0x0000000086400000, 0x0000000086500000, 0x0000000086500000|100%| O|  |TAMS 0x0000000086500000, 0x0000000086400000| Untracked 
|  17|0x0000000086500000, 0x0000000086600000, 0x0000000086600000|100%| O|  |TAMS 0x0000000086600000, 0x0000000086500000| Untracked 
|  18|0x0000000086600000, 0x0000000086700000, 0x0000000086700000|100%| O|  |TAMS 0x0000000086700000, 0x0000000086600000| Untracked 
|  19|0x0000000086700000, 0x0000000086800000, 0x0000000086800000|100%| O|  |TAMS 0x0000000086800000, 0x0000000086700000| Untracked 
|  20|0x0000000086800000, 0x0000000086900000, 0x0000000086900000|100%| O|  |TAMS 0x0000000086900000, 0x0000000086800000| Untracked 
|  21|0x0000000086900000, 0x0000000086a00000, 0x0000000086a00000|100%| O|  |TAMS 0x0000000086a00000, 0x0000000086900000| Untracked 
|  22|0x0000000086a00000, 0x0000000086b00000, 0x0000000086b00000|100%| O|  |TAMS 0x0000000086b00000, 0x0000000086a00000| Untracked 
|  23|0x0000000086b00000, 0x0000000086c00000, 0x0000000086c00000|100%| O|  |TAMS 0x0000000086c00000, 0x0000000086b00000| Untracked 
|  24|0x0000000086c00000, 0x0000000086d00000, 0x0000000086d00000|100%| O|  |TAMS 0x0000000086d00000, 0x0000000086c00000| Untracked 
|  25|0x0000000086d00000, 0x0000000086e00000, 0x0000000086e00000|100%| O|  |TAMS 0x0000000086e00000, 0x0000000086d00000| Untracked 
|  26|0x0000000086e00000, 0x0000000086f00000, 0x0000000086f00000|100%| O|  |TAMS 0x0000000086f00000, 0x0000000086e00000| Untracked 
|  27|0x0000000086f00000, 0x0000000087000000, 0x0000000087000000|100%| O|  |TAMS 0x0000000087000000, 0x0000000086f00000| Untracked 
|  28|0x0000000087000000, 0x0000000087100000, 0x0000000087100000|100%| O|  |TAMS 0x0000000087100000, 0x0000000087000000| Untracked 
|  29|0x0000000087100000, 0x0000000087200000, 0x0000000087200000|100%| O|  |TAMS 0x0000000087200000, 0x0000000087100000| Untracked 
|  30|0x0000000087200000, 0x0000000087300000, 0x0000000087300000|100%| O|  |TAMS 0x0000000087300000, 0x0000000087200000| Untracked 
|  31|0x0000000087300000, 0x0000000087400000, 0x0000000087400000|100%| O|  |TAMS 0x0000000087400000, 0x0000000087300000| Untracked 
|  32|0x0000000087400000, 0x0000000087500000, 0x0000000087500000|100%| O|  |TAMS 0x0000000087469800, 0x0000000087400000| Untracked 
|  33|0x0000000087500000, 0x0000000087600000, 0x0000000087600000|100%| O|  |TAMS 0x0000000087500000, 0x0000000087500000| Untracked 
|  34|0x0000000087600000, 0x0000000087700000, 0x0000000087700000|100%| O|  |TAMS 0x0000000087600000, 0x0000000087600000| Untracked 
|  35|0x0000000087700000, 0x0000000087800000, 0x0000000087800000|100%| O|  |TAMS 0x0000000087700000, 0x0000000087700000| Untracked 
|  36|0x0000000087800000, 0x0000000087900000, 0x0000000087900000|100%| O|  |TAMS 0x0000000087800000, 0x0000000087800000| Untracked 
|  37|0x0000000087900000, 0x0000000087a00000, 0x0000000087a00000|100%| O|  |TAMS 0x0000000087900000, 0x0000000087900000| Untracked 
|  38|0x0000000087a00000, 0x0000000087b00000, 0x0000000087b00000|100%| O|  |TAMS 0x0000000087a00000, 0x0000000087a00000| Untracked 
|  39|0x0000000087b00000, 0x0000000087c00000, 0x0000000087c00000|100%| O|  |TAMS 0x0000000087b00000, 0x0000000087b00000| Untracked 
|  40|0x0000000087c00000, 0x0000000087d00000, 0x0000000087d00000|100%| O|  |TAMS 0x0000000087c00000, 0x0000000087c00000| Untracked 
|  41|0x0000000087d00000, 0x0000000087e00000, 0x0000000087e00000|100%| O|  |TAMS 0x0000000087d00000, 0x0000000087d00000| Untracked 
|  42|0x0000000087e00000, 0x0000000087f00000, 0x0000000087f00000|100%| O|  |TAMS 0x0000000087e00000, 0x0000000087e00000| Untracked 
|  43|0x0000000087f00000, 0x0000000088000000, 0x0000000088000000|100%| O|  |TAMS 0x0000000087f00000, 0x0000000087f00000| Untracked 
|  44|0x0000000088000000, 0x0000000088100000, 0x0000000088100000|100%| O|  |TAMS 0x0000000088000000, 0x0000000088000000| Untracked 
|  45|0x0000000088100000, 0x0000000088200000, 0x0000000088200000|100%| O|  |TAMS 0x0000000088100000, 0x0000000088100000| Untracked 
|  46|0x0000000088200000, 0x0000000088260c00, 0x0000000088300000| 37%| O|  |TAMS 0x0000000088200000, 0x0000000088200000| Untracked 
|  47|0x0000000088300000, 0x0000000088300000, 0x0000000088400000|  0%| F|  |TAMS 0x0000000088300000, 0x0000000088300000| Untracked 
|  48|0x0000000088400000, 0x0000000088400000, 0x0000000088500000|  0%| F|  |TAMS 0x0000000088400000, 0x0000000088400000| Untracked 
|  49|0x0000000088500000, 0x0000000088500000, 0x0000000088600000|  0%| F|  |TAMS 0x0000000088500000, 0x0000000088500000| Untracked 
|  50|0x0000000088600000, 0x0000000088600000, 0x0000000088700000|  0%| F|  |TAMS 0x0000000088600000, 0x0000000088600000| Untracked 
|  51|0x0000000088700000, 0x0000000088700000, 0x0000000088800000|  0%| F|  |TAMS 0x0000000088700000, 0x0000000088700000| Untracked 
|  52|0x0000000088800000, 0x0000000088800000, 0x0000000088900000|  0%| F|  |TAMS 0x0000000088800000, 0x0000000088800000| Untracked 
|  53|0x0000000088900000, 0x0000000088900000, 0x0000000088a00000|  0%| F|  |TAMS 0x0000000088900000, 0x0000000088900000| Untracked 
|  54|0x0000000088a00000, 0x0000000088a00000, 0x0000000088b00000|  0%| F|  |TAMS 0x0000000088a00000, 0x0000000088a00000| Untracked 
|  55|0x0000000088b00000, 0x0000000088b00000, 0x0000000088c00000|  0%| F|  |TAMS 0x0000000088b00000, 0x0000000088b00000| Untracked 
|  56|0x0000000088c00000, 0x0000000088c00000, 0x0000000088d00000|  0%| F|  |TAMS 0x0000000088c00000, 0x0000000088c00000| Untracked 
|  57|0x0000000088d00000, 0x0000000088d00000, 0x0000000088e00000|  0%| F|  |TAMS 0x0000000088d00000, 0x0000000088d00000| Untracked 
|  58|0x0000000088e00000, 0x0000000088e00000, 0x0000000088f00000|  0%| F|  |TAMS 0x0000000088e00000, 0x0000000088e00000| Untracked 
|  59|0x0000000088f00000, 0x0000000088f00000, 0x0000000089000000|  0%| F|  |TAMS 0x0000000088f00000, 0x0000000088f00000| Untracked 
|  60|0x0000000089000000, 0x0000000089000000, 0x0000000089100000|  0%| F|  |TAMS 0x0000000089000000, 0x0000000089000000| Untracked 
|  61|0x0000000089100000, 0x0000000089100000, 0x0000000089200000|  0%| F|  |TAMS 0x0000000089100000, 0x0000000089100000| Untracked 
|  62|0x0000000089200000, 0x0000000089200000, 0x0000000089300000|  0%| F|  |TAMS 0x0000000089200000, 0x0000000089200000| Untracked 
|  63|0x0000000089300000, 0x0000000089300000, 0x0000000089400000|  0%| F|  |TAMS 0x0000000089300000, 0x0000000089300000| Untracked 
|  64|0x0000000089400000, 0x0000000089400000, 0x0000000089500000|  0%| F|  |TAMS 0x0000000089400000, 0x0000000089400000| Untracked 
|  65|0x0000000089500000, 0x0000000089500000, 0x0000000089600000|  0%| F|  |TAMS 0x0000000089500000, 0x0000000089500000| Untracked 
|  66|0x0000000089600000, 0x0000000089600000, 0x0000000089700000|  0%| F|  |TAMS 0x0000000089600000, 0x0000000089600000| Untracked 
|  67|0x0000000089700000, 0x0000000089700000, 0x0000000089800000|  0%| F|  |TAMS 0x0000000089700000, 0x0000000089700000| Untracked 
|  68|0x0000000089800000, 0x0000000089800000, 0x0000000089900000|  0%| F|  |TAMS 0x0000000089800000, 0x0000000089800000| Untracked 
|  69|0x0000000089900000, 0x0000000089a00000, 0x0000000089a00000|100%| S|CS|TAMS 0x0000000089900000, 0x0000000089900000| Complete 
